<?xml version="1.0" encoding="UTF-8"?>
<!-- Generated by org.testng.reporters.JUnitReportReporter -->
<testsuite skipped="0" hostname="DESKTOP-QH08G25" name="com.actiTIME.test.TESTActitimeLoginPage" tests="1" failures="0" timestamp="03 Nov 2018 05:12:06 GMT" time="26.192" errors="0">
  <testcase name="actitimeLogin" time="26.192" classname="com.actiTIME.test.TESTActitimeLoginPage"/>
</testsuite> <!-- com.actiTIME.test.TESTActitimeLoginPage -->
